0 info it worked if it ends with ok
1 verbose cli [ 'E:\\Program Files\\nodejs\\node.exe',
1 verbose cli   'E:\\Program Files\\nodejs\\node_modules\\npm\\bin\\npm-cli.js',
1 verbose cli   'run',
1 verbose cli   'test' ]
2 info using npm@3.10.3
3 info using node@v6.4.0
4 verbose run-script [ 'pretest', 'test', 'posttest' ]
5 info lifecycle backbone-component-renderer@1.1.2~pretest: backbone-component-renderer@1.1.2
6 silly lifecycle backbone-component-renderer@1.1.2~pretest: no script for pretest, continuing
7 info lifecycle backbone-component-renderer@1.1.2~test: backbone-component-renderer@1.1.2
8 verbose lifecycle backbone-component-renderer@1.1.2~test: unsafe-perm in lifecycle true
9 verbose lifecycle backbone-component-renderer@1.1.2~test: PATH: E:\Program Files\nodejs\node_modules\npm\bin\node-gyp-bin;E:\Repo\backbone-component-renderer\node_modules\.bin;E:\Program Files\nodejs;E:\cygwin\usr\local\bin;E:\cygwin\bin;C:\Program Files\cmder\vendor\conemu-maximus5\ConEmu\Scripts;C:\Program Files\cmder\vendor\conemu-maximus5;C:\Program Files\cmder\vendor\conemu-maximus5\ConEmu;C:\Program Files\Haskell\bin;E:\Haskell\8.0.1\lib\extralibs\bin;E:\Haskell\8.0.1\bin;C:\Program Files\Common Files\Microsoft Shared\Windows Live;C:\Program Files (x86)\Common Files\Microsoft Shared\Windows Live;C:\Windows\system32;C:\Windows;C:\Windows\System32\Wbem;C:\Windows\System32\WindowsPowerShell\v1.0;E:\Program Files\Git\cmd;E:\HashiCorp\Vagrant\bin;C:\Program Files (x86)\NVIDIA Corporation\PhysX\Common;C:\Program Files (x86)\Windows Live\Shared;C:\WINDOWS\system32;C:\WINDOWS;C:\WINDOWS\System32\Wbem;C:\WINDOWS\System32\WindowsPowerShell\v1.0;C:\Users\Eric\.dnx\bin;C:\Program Files\Microsoft DNX\Dnvm;C:\Program Files (x86)\Skype\Phone;C:\Program Files (x86)\GtkSharp\2.12\bin;E:\Program Files\nodejs;E:\Haskell\8.0.1\mingw\bin;C:\Program Files\MySQL\MySQL Utilities 1.6;C:\Users\Eric\AppData\Roaming\cabal\bin;C:\Users\Eric\AppData\Roaming\local\bin;C:\Users\Eric\AppData\Local\Programs\Python\Launcher;E:\cygwin\bin;C:\Rust stable 1.3\bin;C:\Users\Eric\AppData\Local\Code\bin;E:\Program Files\Boot2Docker for Windows;C:\Users\Eric\AppData\Local\atom\bin;C:\PHP;C:\Program Files\cmder;C:\Users\Eric\AppData\Roaming\npm;E:\Program Files (x86)\Microsoft VS Code\bin;C:\Users\Eric\AppData\Local\Microsoft\WindowsApps
10 verbose lifecycle backbone-component-renderer@1.1.2~test: CWD: E:\Repo\backbone-component-renderer
11 silly lifecycle backbone-component-renderer@1.1.2~test: Args: [ '/d /s /c', 'mocha -R min -r babel-core/register ./test' ]
12 silly lifecycle backbone-component-renderer@1.1.2~test: Returned: code: 1  signal: null
13 info lifecycle backbone-component-renderer@1.1.2~test: Failed to exec test script
14 verbose stack Error: backbone-component-renderer@1.1.2 test: `mocha -R min -r babel-core/register ./test`
14 verbose stack Exit status 1
14 verbose stack     at EventEmitter.<anonymous> (E:\Program Files\nodejs\node_modules\npm\lib\utils\lifecycle.js:242:16)
14 verbose stack     at emitTwo (events.js:106:13)
14 verbose stack     at EventEmitter.emit (events.js:191:7)
14 verbose stack     at ChildProcess.<anonymous> (E:\Program Files\nodejs\node_modules\npm\lib\utils\spawn.js:40:14)
14 verbose stack     at emitTwo (events.js:106:13)
14 verbose stack     at ChildProcess.emit (events.js:191:7)
14 verbose stack     at maybeClose (internal/child_process.js:852:16)
14 verbose stack     at Process.ChildProcess._handle.onexit (internal/child_process.js:215:5)
15 verbose pkgid backbone-component-renderer@1.1.2
16 verbose cwd E:\Repo\backbone-component-renderer
17 error Windows_NT 10.0.14393
18 error argv "E:\\Program Files\\nodejs\\node.exe" "E:\\Program Files\\nodejs\\node_modules\\npm\\bin\\npm-cli.js" "run" "test"
19 error node v6.4.0
20 error npm  v3.10.3
21 error code ELIFECYCLE
22 error backbone-component-renderer@1.1.2 test: `mocha -R min -r babel-core/register ./test`
22 error Exit status 1
23 error Failed at the backbone-component-renderer@1.1.2 test script 'mocha -R min -r babel-core/register ./test'.
23 error Make sure you have the latest version of node.js and npm installed.
23 error If you do, this is most likely a problem with the backbone-component-renderer package,
23 error not with npm itself.
23 error Tell the author that this fails on your system:
23 error     mocha -R min -r babel-core/register ./test
23 error You can get information on how to open an issue for this project with:
23 error     npm bugs backbone-component-renderer
23 error Or if that isn't available, you can get their info via:
23 error     npm owner ls backbone-component-renderer
23 error There is likely additional logging output above.
24 verbose exit [ 1, true ]
